[1/34] Building CXX object CMakeFiles/testshell.dir/test/testshell/Test_WriteReadMesh.cpp.o
[2/34] Building CXX object CMakeFiles/hlbfgs.dir/external/hlbfgs/LineSearch.cpp.o
[3/34] Building CXX object CMakeFiles/hlbfgs.dir/external/hlbfgs/ICFS.cpp.o
[4/34] Building CXX object CMakeFiles/hlbfgs.dir/external/hlbfgs/Lite_Sparse_Matrix.cpp.o
[5/34] Building CXX object CMakeFiles/hlbfgs.dir/external/hlbfgs/HLBFGS.cpp.o
[6/34] Building CXX object _deps/googletest-build/googletest/CMakeFiles/gtest_main.dir/src/gtest_main.cc.o
[7/34] Building CXX object _deps/googletest-build/googlemock/CMakeFiles/gmock_main.dir/src/gmock_main.cc.o
[8/34] Building CXX object CMakeFiles/hlbfgs.dir/external/hlbfgs/HLBFGS_BLAS.cpp.o
[9/34] Linking CXX static library /home/pkk5131/workspace/src/PSM2025/lib/libhlbfgs.a
[10/34] Building CXX object _deps/triangle-build/CMakeFiles/triangle.dir/triangle.cpp.o
/home/pkk5131/workspace/src/PSM2025/build_cmake/_deps/triangle-src/triangle.cpp: In function 'int triunsuitable(vertex, vertex, vertex, double)':
/home/pkk5131/workspace/src/PSM2025/build_cmake/_deps/triangle-src/triangle.cpp:1371:71: warning: unused parameter 'area' [-Wunused-parameter]
 1371 | int triunsuitable(vertex triorg, vertex tridest, vertex triapex, REAL area)
      |                                                                       ^
/home/pkk5131/workspace/src/PSM2025/build_cmake/_deps/triangle-src/triangle.cpp: In function 'void printsubseg(mesh*, behavior*, osub*)':
/home/pkk5131/workspace/src/PSM2025/build_cmake/_deps/triangle-src/triangle.cpp:3766:51: warning: unused parameter 'b' [-Wunused-parameter]
 3766 | void printsubseg(struct mesh *m, struct behavior *b, struct osub *s)
      |                                  ~~~~~~~~~~~~~~~~~^
/home/pkk5131/workspace/src/PSM2025/build_cmake/_deps/triangle-src/triangle.cpp: In function 'void poolinit(memorypool*, int, int, int, int)':
/home/pkk5131/workspace/src/PSM2025/build_cmake/_deps/triangle-src/triangle.cpp:3956:17: warning: comparison of integer expressions of different signedness: 'int' and 'long unsigned int' [-Wsign-compare]
 3956 |   if (alignment > sizeof(VOID *)) {
      |       ~~~~~~~~~~^~~~~~~~~~~~~~~~
/home/pkk5131/workspace/src/PSM2025/build_cmake/_deps/triangle-src/triangle.cpp: In function 'void initializetrisubpools(mesh*, behavior*)':
/home/pkk5131/workspace/src/PSM2025/build_cmake/_deps/triangle-src/triangle.cpp:4356:16: warning: comparison of integer expressions of different signedness: 'int' and 'long unsigned int' [-Wsign-compare]
 4356 |       (trisize < 6 * sizeof(triangle) + sizeof(int))) {
      |        ~~~~~~~~^~~~~~~~~~~~~~~~~~~~~~~~~~~~~~~~~~~~
/home/pkk5131/workspace/src/PSM2025/build_cmake/_deps/triangle-src/triangle.cpp: In function 'void segmentintersection(mesh*, behavior*, otri*, osub*, vertex)':
/home/pkk5131/workspace/src/PSM2025/build_cmake/_deps/triangle-src/triangle.cpp:11742:28: warning: variable 'collinear' set but not used [-Wunused-but-set-variable]
11742 |   enum finddirectionresult collinear;
      |                            ^~~~~~~~~
/home/pkk5131/workspace/src/PSM2025/build_cmake/_deps/triangle-src/triangle.cpp: In function 'void tallyencs(mesh*, behavior*)':
/home/pkk5131/workspace/src/PSM2025/build_cmake/_deps/triangle-src/triangle.cpp:13219:7: warning: variable 'dummy' set but not used [-Wunused-but-set-variable]
13219 |   int dummy;
      |       ^~~~~
/home/pkk5131/workspace/src/PSM2025/build_cmake/_deps/triangle-src/triangle.cpp: In function 'void splitencsegs(mesh*, behavior*, int)':
/home/pkk5131/workspace/src/PSM2025/build_cmake/_deps/triangle-src/triangle.cpp:13292:7: warning: variable 'dummy' set but not used [-Wunused-but-set-variable]
13292 |   int dummy;
      |       ^~~~~
/home/pkk5131/workspace/src/PSM2025/build_cmake/_deps/triangle-src/triangle.cpp: In function 'double incircleadapt(vertex, vertex, vertex, vertex, double)':
/home/pkk5131/workspace/src/PSM2025/build_cmake/_deps/triangle-src/triangle.cpp:5630:44: warning: 'axtbclen' may be used uninitialized [-Wmaybe-uninitialized]
 5630 |       temp16alen = scale_expansion_zeroelim(axtbclen, axtbc, adxtail, temp16a);
      |                    ~~~~~~~~~~~~~~~~~~~~~~~~^~~~~~~~~~~~~~~~~~~~~~~~~~~~~~~~~~~
/home/pkk5131/workspace/src/PSM2025/build_cmake/_deps/triangle-src/triangle.cpp:5369:7: note: 'axtbclen' was declared here
 5369 |   int axtbclen, aytbclen, bxtcalen, bytcalen, cxtablen, cytablen;
      |       ^~~~~~~~
/home/pkk5131/workspace/src/PSM2025/build_cmake/_deps/triangle-src/triangle.cpp:5672:44: warning: 'aytbclen' may be used uninitialized [-Wmaybe-uninitialized]
 5672 |       temp16alen = scale_expansion_zeroelim(aytbclen, aytbc, adytail, temp16a);
      |                    ~~~~~~~~~~~~~~~~~~~~~~~~^~~~~~~~~~~~~~~~~~~~~~~~~~~~~~~~~~~
/home/pkk5131/workspace/src/PSM2025/build_cmake/_deps/triangle-src/triangle.cpp:5369:17: note: 'aytbclen' was declared here
 5369 |   int axtbclen, aytbclen, bxtcalen, bytcalen, cxtablen, cytablen;
      |                 ^~~~~~~~
/home/pkk5131/workspace/src/PSM2025/build_cmake/_deps/triangle-src/triangle.cpp:5769:44: warning: 'bytcalen' may be used uninitialized [-Wmaybe-uninitialized]
 5769 |       temp16alen = scale_expansion_zeroelim(bytcalen, bytca, bdytail, temp16a);
      |                    ~~~~~~~~~~~~~~~~~~~~~~~~^~~~~~~~~~~~~~~~~~~~~~~~~~~~~~~~~~~
/home/pkk5131/workspace/src/PSM2025/build_cmake/_deps/triangle-src/triangle.cpp:5369:37: note: 'bytcalen' was declared here
 5369 |   int axtbclen, aytbclen, bxtcalen, bytcalen, cxtablen, cytablen;
      |                                     ^~~~~~~~
/home/pkk5131/workspace/src/PSM2025/build_cmake/_deps/triangle-src/triangle.cpp:5727:44: warning: 'bxtcalen' may be used uninitialized [-Wmaybe-uninitialized]
 5727 |       temp16alen = scale_expansion_zeroelim(bxtcalen, bxtca, bdxtail, temp16a);
      |                    ~~~~~~~~~~~~~~~~~~~~~~~~^~~~~~~~~~~~~~~~~~~~~~~~~~~~~~~~~~~
/home/pkk5131/workspace/src/PSM2025/build_cmake/_deps/triangle-src/triangle.cpp:5369:27: note: 'bxtcalen' was declared here
 5369 |   int axtbclen, aytbclen, bxtcalen, bytcalen, cxtablen, cytablen;
      |                           ^~~~~~~~
/home/pkk5131/workspace/src/PSM2025/build_cmake/_deps/triangle-src/triangle.cpp:5866:44: warning: 'cytablen' may be used uninitialized [-Wmaybe-uninitialized]
 5866 |       temp16alen = scale_expansion_zeroelim(cytablen, cytab, cdytail, temp16a);
      |                    ~~~~~~~~~~~~~~~~~~~~~~~~^~~~~~~~~~~~~~~~~~~~~~~~~~~~~~~~~~~
/home/pkk5131/workspace/src/PSM2025/build_cmake/_deps/triangle-src/triangle.cpp:5369:57: note: 'cytablen' was declared here
 5369 |   int axtbclen, aytbclen, bxtcalen, bytcalen, cxtablen, cytablen;
      |                                                         ^~~~~~~~
/home/pkk5131/workspace/src/PSM2025/build_cmake/_deps/triangle-src/triangle.cpp:5824:44: warning: 'cxtablen' may be used uninitialized [-Wmaybe-uninitialized]
 5824 |       temp16alen = scale_expansion_zeroelim(cxtablen, cxtab, cdxtail, temp16a);
      |                    ~~~~~~~~~~~~~~~~~~~~~~~~^~~~~~~~~~~~~~~~~~~~~~~~~~~~~~~~~~~
/home/pkk5131/workspace/src/PSM2025/build_cmake/_deps/triangle-src/triangle.cpp:5369:47: note: 'cxtablen' was declared here
 5369 |   int axtbclen, aytbclen, bxtcalen, bytcalen, cxtablen, cytablen;
      |                                               ^~~~~~~~
[11/34] Linking CXX static library /home/pkk5131/workspace/src/PSM2025/lib/libtriangle.a
[12/34] Building CXX object _deps/googletest-build/googlemock/CMakeFiles/gmock.dir/src/gmock-all.cc.o
[13/34] Building CXX object CMakeFiles/libshell.dir/src/libshell/ComputeCurvatures.cpp.o
[14/34] Building CXX object CMakeFiles/testshell.dir/test/testshell/test_energy_staticeq.cpp.o
[15/34] Building CXX object CMakeFiles/testshell.dir/test/testshell/Test_BendingOperator_Convergence.cpp.o
[16/34] Building CXX object CMakeFiles/testshell.dir/test/testshell/Test_StretchingOperator_Convergence.cpp.o
[17/34] Building CXX object CMakeFiles/libshell.dir/src/libshell/StretchingOperator_Parametric.cpp.o
[18/34] Building CXX object CMakeFiles/shell.dir/src/simulations/Sim_IOops.cpp.o
In file included from /home/pkk5131/workspace/src/PSM2025/src/simulations/Sim.hpp:26,
                 from /home/pkk5131/workspace/src/PSM2025/src/simulations/Sim_IOops.hpp:12,
                 from /home/pkk5131/workspace/src/PSM2025/src/simulations/Sim_IOops.cpp:9:
/home/pkk5131/workspace/src/PSM2025/src/libshell/HLBFGS_Wrapper.hpp:138:17: warning: 'void HLBFGS_Methods::newiteration(void*, int, int, double*, double*, double*, double*)' defined but not used [-Wunused-function]
  138 |     static void newiteration(void * instance, int iter, int call_iter, double *x, double* f, double *g,  double* gnorm)
      |                 ^~~~~~~~~~~~
/home/pkk5131/workspace/src/PSM2025/src/libshell/HLBFGS_Wrapper.hpp:127:17: warning: 'void HLBFGS_Methods::evaluate(void*, int, double*, double*, double*, double*)' defined but not used [-Wunused-function]
  127 |     static void evaluate(void * instance, int N, double* x, double *prev_x, double* f, double* g)
      |                 ^~~~~~~~
[19/34] Building CXX object CMakeFiles/libshell.dir/src/libshell/BendingOperator_Parametric.cpp.o
[20/34] Building CXX object _deps/googletest-build/googletest/CMakeFiles/gtest.dir/src/gtest-all.cc.o
[21/34] Linking CXX static library lib/libgtest.a
[22/34] Linking CXX static library lib/libgtest_main.a
[23/34] Linking CXX static library lib/libgmock.a
[24/34] Linking CXX static library lib/libgmock_main.a
[25/34] Building CXX object CMakeFiles/testshell.dir/test/testshell/Test_BasicGradients.cpp.o
[26/34] Building CXX object CMakeFiles/testshell.dir/test/testshell/Test_EnergyOperatorDCS_Gradient.cpp.o
[27/34] Building CXX object CMakeFiles/libshell.dir/src/libshell/CombinedOperator_Parametric.cpp.o
[28/34] Building CXX object CMakeFiles/libshell.dir/src/libshell/ComputeHausdorffDistance.cpp.o
In file included from /home/pkk5131/workspace/src/PSM2025/build_cmake/_deps/libigl-src/include/igl/squared_edge_lengths.cpp:9,
                 from /home/pkk5131/workspace/src/PSM2025/build_cmake/_deps/libigl-src/include/igl/squared_edge_lengths.h:38,
                 from /home/pkk5131/workspace/src/PSM2025/build_cmake/_deps/libigl-src/include/igl/edge_lengths.cpp:9,
                 from /home/pkk5131/workspace/src/PSM2025/build_cmake/_deps/libigl-src/include/igl/edge_lengths.h:38,
                 from /home/pkk5131/workspace/src/PSM2025/build_cmake/_deps/libigl-src/include/igl/doublearea.cpp:9,
                 from /home/pkk5131/workspace/src/PSM2025/build_cmake/_deps/libigl-src/include/igl/doublearea.h:106,
                 from /home/pkk5131/workspace/src/PSM2025/build_cmake/_deps/libigl-src/include/igl/AABB.cpp:12,
                 from /home/pkk5131/workspace/src/PSM2025/build_cmake/_deps/libigl-src/include/igl/AABB.h:852,
                 from /home/pkk5131/workspace/src/PSM2025/build_cmake/_deps/libigl-src/include/igl/point_mesh_squared_distance.cpp:9,
                 from /home/pkk5131/workspace/src/PSM2025/build_cmake/_deps/libigl-src/include/igl/point_mesh_squared_distance.h:65,
                 from /home/pkk5131/workspace/src/PSM2025/build_cmake/_deps/libigl-src/include/igl/hausdorff.cpp:9,
                 from /home/pkk5131/workspace/src/PSM2025/build_cmake/_deps/libigl-src/include/igl/hausdorff.h:75,
                 from /home/pkk5131/workspace/src/PSM2025/src/libshell/ComputeHausdorffDistance.cpp:11:
/home/pkk5131/workspace/src/PSM2025/build_cmake/_deps/libigl-src/include/igl/parallel_for.h: In instantiation of 'bool igl::parallel_for(Index, const PrepFunctionType&, const FunctionType&, const AccumFunctionType&, size_t) [with Index = long int; PrepFunctionType = parallel_for<long int, AABB<Eigen::Matrix<double, -1, -1>, 3>::squared_distance<Eigen::Matrix<int, -1, -1>, Eigen::Matrix<double, -1, -1>, Eigen::Matrix<double, -1, 1>, Eigen::Matrix<long int, -1, 1, 0, -1, 1>, Eigen::Matrix<double, -1, 3> >(const Eigen::MatrixBase<Eigen::Matrix<double, -1, -1> >&, const Eigen::MatrixBase<Eigen::Matrix<int, -1, -1> >&, const Eigen::MatrixBase<Eigen::Matrix<double, -1, -1> >&, Eigen::PlainObjectBase<Eigen::Matrix<double, -1, 1> >&, Eigen::PlainObjectBase<Eigen::Matrix<long int, -1, 1, 0, -1, 1> >&, Eigen::PlainObjectBase<Eigen::Matrix<double, -1, 3> >&) const::<lambda(int)> >(long int, const AABB<Eigen::Matrix<double, -1, -1>, 3>::squared_distance<Eigen::Matrix<int, -1, -1>, Eigen::Matrix<double, -1, -1>, Eigen::Matrix<double, -1, 1>, Eigen::Matrix<long int, -1, 1, 0, -1, 1>, Eigen::Matrix<double, -1, 3> >(const Eigen::MatrixBase<Eigen::Matrix<double, -1, -1> >&, const Eigen::MatrixBase<Eigen::Matrix<int, -1, -1> >&, const Eigen::MatrixBase<Eigen::Matrix<double, -1, -1> >&, Eigen::PlainObjectBase<Eigen::Matrix<double, -1, 1> >&, Eigen::PlainObjectBase<Eigen::Matrix<long int, -1, 1, 0, -1, 1> >&, Eigen::PlainObjectBase<Eigen::Matrix<double, -1, 3> >&) const::<lambda(int)>&, size_t)::<lambda(size_t)>; FunctionType = parallel_for<long int, AABB<Eigen::Matrix<double, -1, -1>, 3>::squared_distance<Eigen::Matrix<int, -1, -1>, Eigen::Matrix<double, -1, -1>, Eigen::Matrix<double, -1, 1>, Eigen::Matrix<long int, -1, 1, 0, -1, 1>, Eigen::Matrix<double, -1, 3> >(const Eigen::MatrixBase<Eigen::Matrix<double, -1, -1> >&, const Eigen::MatrixBase<Eigen::Matrix<int, -1, -1> >&, const Eigen::MatrixBase<Eigen::Matrix<double, -1, -1> >&, Eigen::PlainObjectBase<Eigen::Matrix<double, -1, 1> >&, Eigen::PlainObjectBase<Eigen::Matrix<long int, -1, 1, 0, -1, 1> >&, Eigen::PlainObjectBase<Eigen::Matrix<double, -1, 3> >&) const::<lambda(int)> >(long int, const AABB<Eigen::Matrix<double, -1, -1>, 3>::squared_distance<Eigen::Matrix<int, -1, -1>, Eigen::Matrix<double, -1, -1>, Eigen::Matrix<double, -1, 1>, Eigen::Matrix<long int, -1, 1, 0, -1, 1>, Eigen::Matrix<double, -1, 3> >(const Eigen::MatrixBase<Eigen::Matrix<double, -1, -1> >&, const Eigen::MatrixBase<Eigen::Matrix<int, -1, -1> >&, const Eigen::MatrixBase<Eigen::Matrix<double, -1, -1> >&, Eigen::PlainObjectBase<Eigen::Matrix<double, -1, 1> >&, Eigen::PlainObjectBase<Eigen::Matrix<long int, -1, 1, 0, -1, 1> >&, Eigen::PlainObjectBase<Eigen::Matrix<double, -1, 3> >&) const::<lambda(int)>&, size_t)::<lambda(long int, size_t)>; AccumFunctionType = parallel_for<long int, AABB<Eigen::Matrix<double, -1, -1>, 3>::squared_distance<Eigen::Matrix<int, -1, -1>, Eigen::Matrix<double, -1, -1>, Eigen::Matrix<double, -1, 1>, Eigen::Matrix<long int, -1, 1, 0, -1, 1>, Eigen::Matrix<double, -1, 3> >(const Eigen::MatrixBase<Eigen::Matrix<double, -1, -1> >&, const Eigen::MatrixBase<Eigen::Matrix<int, -1, -1> >&, const Eigen::MatrixBase<Eigen::Matrix<double, -1, -1> >&, Eigen::PlainObjectBase<Eigen::Matrix<double, -1, 1> >&, Eigen::PlainObjectBase<Eigen::Matrix<long int, -1, 1, 0, -1, 1> >&, Eigen::PlainObjectBase<Eigen::Matrix<double, -1, 3> >&) const::<lambda(int)> >(long int, const AABB<Eigen::Matrix<double, -1, -1>, 3>::squared_distance<Eigen::Matrix<int, -1, -1>, Eigen::Matrix<double, -1, -1>, Eigen::Matrix<double, -1, 1>, Eigen::Matrix<long int, -1, 1, 0, -1, 1>, Eigen::Matrix<double, -1, 3> >(const Eigen::MatrixBase<Eigen::Matrix<double, -1, -1> >&, const Eigen::MatrixBase<Eigen::Matrix<int, -1, -1> >&, const Eigen::MatrixBase<Eigen::Matrix<double, -1, -1> >&, Eigen::PlainObjectBase<Eigen::Matrix<double, -1, 1> >&, Eigen::PlainObjectBase<Eigen::Matrix<long int, -1, 1, 0, -1, 1> >&, Eigen::PlainObjectBase<Eigen::Matrix<double, -1, 3> >&) const::<lambda(int)>&, size_t)::<lambda(size_t)>; size_t = long unsigned int]':
/home/pkk5131/workspace/src/PSM2025/build_cmake/_deps/libigl-src/include/igl/parallel_for.h:132:22:   required from 'bool igl::parallel_for(Index, const FunctionType&, size_t) [with Index = long int; FunctionType = AABB<Eigen::Matrix<double, -1, -1>, 3>::squared_distance<Eigen::Matrix<int, -1, -1>, Eigen::Matrix<double, -1, -1>, Eigen::Matrix<double, -1, 1>, Eigen::Matrix<long int, -1, 1, 0, -1, 1>, Eigen::Matrix<double, -1, 3> >(const Eigen::MatrixBase<Eigen::Matrix<double, -1, -1> >&, const Eigen::MatrixBase<Eigen::Matrix<int, -1, -1> >&, const Eigen::MatrixBase<Eigen::Matrix<double, -1, -1> >&, Eigen::PlainObjectBase<Eigen::Matrix<double, -1, 1> >&, Eigen::PlainObjectBase<Eigen::Matrix<long int, -1, 1, 0, -1, 1> >&, Eigen::PlainObjectBase<Eigen::Matrix<double, -1, 3> >&) const::<lambda(int)>; size_t = long unsigned int]'
  132 |   return parallel_for(loop_size,no_op,wrapper,no_op,min_parallel);
      |          ~~~~~~~~~~~~^~~~~~~~~~~~~~~~~~~~~~~~~~~~~~~~~~~~~~~~~~~~
/home/pkk5131/workspace/src/PSM2025/build_cmake/_deps/libigl-src/include/igl/AABB.cpp:1256:20:   required from 'void igl::AABB<DerivedV, DIM>::squared_distance(const Eigen::MatrixBase<Derived>&, const Eigen::MatrixBase<OtherDerived>&, const Eigen::MatrixBase<OtherDerived>&, Eigen::PlainObjectBase<Derivedelements>&, Eigen::PlainObjectBase<DerivedI>&, Eigen::PlainObjectBase<DerivedT>&) const [with DerivedEle = Eigen::Matrix<int, -1, -1>; DerivedP = Eigen::Matrix<double, -1, -1>; DerivedsqrD = Eigen::Matrix<double, -1, 1>; DerivedI = Eigen::Matrix<long int, -1, 1, 0, -1, 1>; DerivedC = Eigen::Matrix<double, -1, 3>; DerivedV = Eigen::Matrix<double, -1, -1>; int DIM = 3]'
 1256 |   igl::parallel_for(P.rows(),[&](int p)
      |   ~~~~~~~~~~~~~~~~~^~~~~~~~~~~~~~~~~~~~
 1257 |     {
      |     ~               
 1258 |       RowVectorDIMS Pp = P.row(p).template head<DIM>(), c;
      |       ~~~~~~~~~~~~~~~~~~~~~~~~~~~~~~~~~~~~~~~~~~~~~~~~~~~~
 1259 |       int Ip;
      |       ~~~~~~~       
 1260 |       sqrD(p) = squared_distance(V,Ele,Pp,Ip,c);
      |       ~~~~~~~~~~~~~~~~~~~~~~~~~~~~~~~~~~~~~~~~~~
 1261 |       I(p) = Ip;
      |       ~~~~~~~~~~    
 1262 |       C.row(p).head(DIM) = c;
      |       ~~~~~~~~~~~~~~~~~~~~~~~
 1263 |     },
      |     ~~              
 1264 |     10000);
      |     ~~~~~~          
/home/pkk5131/workspace/src/PSM2025/build_cmake/_deps/libigl-src/include/igl/point_mesh_squared_distance.cpp:46:24:   required from 'void {anonymous}::point_mesh_squared_distance(const Eigen::MatrixBase<U>&, const Eigen::MatrixBase<OtherDerived>&, const Eigen::MatrixBase<DerivedFB>&, Eigen::PlainObjectBase<DerivedI>&, Eigen::PlainObjectBase<DerivedC>&, Eigen::PlainObjectBase<Derivedb>&) [with int DIM = 3; DerivedP = Eigen::Matrix<double, -1, -1>; DerivedV = Eigen::Matrix<double, -1, -1>; DerivedEle = Eigen::Matrix<int, -1, -1>; DerivedsqrD = Eigen::Matrix<double, -1, 1>; DerivedI = Eigen::Matrix<long int, -1, 1, 0, -1, 1>; DerivedC = Eigen::Matrix<double, -1, 3>]'
   46 |   tree.squared_distance(V,Ele,P,sqrD,I,C);
      |   ~~~~~~~~~~~~~~~~~~~~~^~~~~~~~~~~~~~~~~~
/home/pkk5131/workspace/src/PSM2025/build_cmake/_deps/libigl-src/include/igl/point_mesh_squared_distance.cpp:120:37:   required from 'static void {anonymous}::point_mesh_squared_distance_DIM_Handler<DerivedP, DerivedV, DerivedEle, DerivedsqrD, DerivedI, DerivedC, false>::compute(const Eigen::MatrixBase<Derived>&, const Eigen::MatrixBase<U>&, const Eigen::MatrixBase<OtherDerived>&, Eigen::PlainObjectBase<DerivedsqrD>&, Eigen::PlainObjectBase<DerivedI>&, Eigen::PlainObjectBase<DerivedC>&) [with DerivedP = Eigen::Matrix<double, -1, -1>; DerivedV = Eigen::Matrix<double, -1, -1>; DerivedEle = Eigen::Matrix<int, -1, -1>; DerivedsqrD = Eigen::Matrix<double, -1, 1>; DerivedI = Eigen::Matrix<long int, -1, 1, 0, -1, 1>; DerivedC = Eigen::Matrix<double, -1, 3>]'
  120 |     point_mesh_squared_distance<DIM>(P,V,Ele,sqrD,I,C);
      |     ~~~~~~~~~~~~~~~~~~~~~~~~~~~~~~~~^~~~~~~~~~~~~~~~~~
/home/pkk5131/workspace/src/PSM2025/build_cmake/_deps/libigl-src/include/igl/point_mesh_squared_distance.cpp:153:36:   required from 'void igl::point_mesh_squared_distance(const Eigen::MatrixBase<Derived>&, const Eigen::MatrixBase<U>&, const Eigen::MatrixBase<OtherDerived>&, Eigen::PlainObjectBase<DerivedsqrD>&, Eigen::PlainObjectBase<DerivedI>&, Eigen::PlainObjectBase<DerivedC>&) [with DerivedP = Eigen::Matrix<double, -1, -1>; DerivedV = Eigen::Matrix<double, -1, -1>; DerivedEle = Eigen::Matrix<int, -1, -1>; DerivedsqrD = Eigen::Matrix<double, -1, 1>; DerivedI = Eigen::Matrix<long int, -1, 1, 0, -1, 1>; DerivedC = Eigen::Matrix<double, -1, 3>]'
  146 |   point_mesh_squared_distance_DIM_Handler<
      |   ~~~~~~~~~~~~~~~~~~~~~~~~~~~~~~~~~~~~~~~~
  147 |     DerivedP,
      |     ~~~~~~~~~                       
  148 |     DerivedV,
      |     ~~~~~~~~~                       
  149 |     DerivedEle,
      |     ~~~~~~~~~~~                     
  150 |     DerivedsqrD,
      |     ~~~~~~~~~~~~                    
  151 |     DerivedI,
      |     ~~~~~~~~~                       
  152 |     DerivedC,
      |     ~~~~~~~~~                       
  153 |     DIM == Eigen::Dynamic>::compute(P,V,Ele,sqrD,I,C);
      |     ~~~~~~~~~~~~~~~~~~~~~~~~~~~~~~~^~~~~~~~~~~~~~~~~~
/home/pkk5131/workspace/src/PSM2025/build_cmake/_deps/libigl-src/include/igl/hausdorff.cpp:31:30:   required from 'void igl::hausdorff(const Eigen::MatrixBase<Derived>&, const Eigen::MatrixBase<U>&, const Eigen::MatrixBase<OtherDerived>&, const Eigen::MatrixBase<DerivedFB>&, Scalar&) [with DerivedVA = Eigen::Matrix<double, -1, -1>; DerivedFA = Eigen::Matrix<int, -1, -1>; DerivedVB = Eigen::Matrix<double, -1, -1>; DerivedFB = Eigen::Matrix<int, -1, -1>; Scalar = double]'
   31 |   point_mesh_squared_distance(VB,VA,FA,sqr_DBA,I,C);
      |   ~~~~~~~~~~~~~~~~~~~~~~~~~~~^~~~~~~~~~~~~~~~~~~~~~
/home/pkk5131/workspace/src/PSM2025/src/libshell/ComputeHausdorffDistance.cpp:55:19:   required from here
   55 |     igl::hausdorff(vertices_A_trafo, ref_faces, ref_vertices_B, ref_faces, retval);
      |     ~~~~~~~~~~~~~~^~~~~~~~~~~~~~~~~~~~~~~~~~~~~~~~~~~~~~~~~~~~~~~~~~~~~~~~~~~~~~~~
/home/pkk5131/workspace/src/PSM2025/build_cmake/_deps/libigl-src/include/igl/parallel_for.h:156:15: warning: comparison of integer expressions of different signedness: 'const long int' and 'const size_t' {aka 'const long unsigned int'} [-Wsign-compare]
  156 |   if(loop_size<min_parallel || nthreads<=1)
      |      ~~~~~~~~~^~~~~~~~~~~~~
/home/pkk5131/workspace/src/PSM2025/build_cmake/_deps/libigl-src/include/igl/parallel_for.h: In instantiation of 'bool igl::parallel_for(Index, const PrepFunctionType&, const FunctionType&, const AccumFunctionType&, size_t) [with Index = int; PrepFunctionType = parallel_for<int, sort3<Eigen::Matrix<double, -1, 3>, Eigen::Matrix<double, -1, 3>, Eigen::Matrix<int, -1, -1> >(const Eigen::DenseBase<Eigen::Matrix<double, -1, 3> >&, int, bool, Eigen::PlainObjectBase<Eigen::Matrix<double, -1, 3> >&, Eigen::PlainObjectBase<Eigen::Matrix<int, -1, -1> >&)::<lambda(const Index&)> >(int, const sort3<Eigen::Matrix<double, -1, 3>, Eigen::Matrix<double, -1, 3>, Eigen::Matrix<int, -1, -1> >(const Eigen::DenseBase<Eigen::Matrix<double, -1, 3> >&, int, bool, Eigen::PlainObjectBase<Eigen::Matrix<double, -1, 3> >&, Eigen::PlainObjectBase<Eigen::Matrix<int, -1, -1> >&)::<lambda(const Index&)>&, size_t)::<lambda(size_t)>; FunctionType = parallel_for<int, sort3<Eigen::Matrix<double, -1, 3>, Eigen::Matrix<double, -1, 3>, Eigen::Matrix<int, -1, -1> >(const Eigen::DenseBase<Eigen::Matrix<double, -1, 3> >&, int, bool, Eigen::PlainObjectBase<Eigen::Matrix<double, -1, 3> >&, Eigen::PlainObjectBase<Eigen::Matrix<int, -1, -1> >&)::<lambda(const Index&)> >(int, const sort3<Eigen::Matrix<double, -1, 3>, Eigen::Matrix<double, -1, 3>, Eigen::Matrix<int, -1, -1> >(const Eigen::DenseBase<Eigen::Matrix<double, -1, 3> >&, int, bool, Eigen::PlainObjectBase<Eigen::Matrix<double, -1, 3> >&, Eigen::PlainObjectBase<Eigen::Matrix<int, -1, -1> >&)::<lambda(const Index&)>&, size_t)::<lambda(int, size_t)>; AccumFunctionType = parallel_for<int, sort3<Eigen::Matrix<double, -1, 3>, Eigen::Matrix<double, -1, 3>, Eigen::Matrix<int, -1, -1> >(const Eigen::DenseBase<Eigen::Matrix<double, -1, 3> >&, int, bool, Eigen::PlainObjectBase<Eigen::Matrix<double, -1, 3> >&, Eigen::PlainObjectBase<Eigen::Matrix<int, -1, -1> >&)::<lambda(const Index&)> >(int, const sort3<Eigen::Matrix<double, -1, 3>, Eigen::Matrix<double, -1, 3>, Eigen::Matrix<int, -1, -1> >(const Eigen::DenseBase<Eigen::Matrix<double, -1, 3> >&, int, bool, Eigen::PlainObjectBase<Eigen::Matrix<double, -1, 3> >&, Eigen::PlainObjectBase<Eigen::Matrix<int, -1, -1> >&)::<lambda(const Index&)>&, size_t)::<lambda(size_t)>; size_t = long unsigned int]':
/home/pkk5131/workspace/src/PSM2025/build_cmake/_deps/libigl-src/include/igl/parallel_for.h:132:22:   required from 'bool igl::parallel_for(Index, const FunctionType&, size_t) [with Index = int; FunctionType = sort3<Eigen::Matrix<double, -1, 3>, Eigen::Matrix<double, -1, 3>, Eigen::Matrix<int, -1, -1> >(const Eigen::DenseBase<Eigen::Matrix<double, -1, 3> >&, int, bool, Eigen::PlainObjectBase<Eigen::Matrix<double, -1, 3> >&, Eigen::PlainObjectBase<Eigen::Matrix<int, -1, -1> >&)::<lambda(const Index&)>; size_t = long unsigned int]'
  132 |   return parallel_for(loop_size,no_op,wrapper,no_op,min_parallel);
      |          ~~~~~~~~~~~~^~~~~~~~~~~~~~~~~~~~~~~~~~~~~~~~~~~~~~~~~~~~
/home/pkk5131/workspace/src/PSM2025/build_cmake/_deps/libigl-src/include/igl/sort.cpp:289:15:   required from 'void igl::sort3(const Eigen::DenseBase<Derived>&, int, bool, Eigen::PlainObjectBase<DeriveddblA>&, Eigen::PlainObjectBase<DerivedBC>&) [with DerivedX = Eigen::Matrix<double, -1, 3>; DerivedY = Eigen::Matrix<double, -1, 3>; DerivedIX = Eigen::Matrix<int, -1, -1>]'
  289 |   parallel_for(num_outer,inner,16000);
      |   ~~~~~~~~~~~~^~~~~~~~~~~~~~~~~~~~~~~
/home/pkk5131/workspace/src/PSM2025/build_cmake/_deps/libigl-src/include/igl/sort.cpp:39:24:   required from 'void igl::sort(const Eigen::DenseBase<Derived>&, int, bool, Eigen::PlainObjectBase<DeriveddblA>&, Eigen::PlainObjectBase<DerivedBC>&) [with DerivedX = Eigen::Matrix<double, -1, 3>; DerivedY = Eigen::Matrix<double, -1, 3>; DerivedIX = Eigen::Matrix<int, -1, -1>]'
   39 |       return igl::sort3(X,dim,ascending,Y,IX);
      |              ~~~~~~~~~~^~~~~~~~~~~~~~~~~~~~~~
/home/pkk5131/workspace/src/PSM2025/build_cmake/_deps/libigl-src/include/igl/AABB.cpp:860:16:   required from 'void igl::AABB<DerivedV, DIM>::init(const Eigen::MatrixBase<Derived>&, const Eigen::MatrixBase<OtherDerived>&, const Eigen::MatrixBase<OtherDerived>&, const Eigen::MatrixBase<ScaleDerived>&, const Eigen::MatrixBase<Derivedelements>&, int) [with DerivedEle = Eigen::Matrix<int, -1, -1>; Derivedbb_mins = Eigen::Matrix<double, -1, 3>; Derivedbb_maxs = Eigen::Matrix<double, -1, 3>; Derivedelements = Eigen::Matrix<int, -1, 1>; DerivedV = Eigen::Matrix<double, -1, -1>; int DIM = 3]'
  860 |       igl::sort(BC,1,true,_,IS);
      |       ~~~~~~~~~^~~~~~~~~~~~~~~~
/home/pkk5131/workspace/src/PSM2025/build_cmake/_deps/libigl-src/include/igl/AABB.cpp:882:14:   required from 'void igl::AABB<DerivedV, DIM>::init(const Eigen::MatrixBase<Derived>&, const Eigen::MatrixBase<OtherDerived>&) [with DerivedEle = Eigen::Matrix<int, -1, -1>; DerivedV = Eigen::Matrix<double, -1, -1>; int DIM = 3]'
  882 |   return init(V,Ele,MatrixXDIMS(),MatrixXDIMS(),Eigen::VectorXi(),0);
      |          ~~~~^~~~~~~~~~~~~~~~~~~~~~~~~~~~~~~~~~~~~~~~~~~~~~~~~~~~~~~
/home/pkk5131/workspace/src/PSM2025/build_cmake/_deps/libigl-src/include/igl/point_mesh_squared_distance.cpp:45:12:   required from 'void {anonymous}::point_mesh_squared_distance(const Eigen::MatrixBase<U>&, const Eigen::MatrixBase<OtherDerived>&, const Eigen::MatrixBase<DerivedFB>&, Eigen::PlainObjectBase<DerivedI>&, Eigen::PlainObjectBase<DerivedC>&, Eigen::PlainObjectBase<Derivedb>&) [with int DIM = 3; DerivedP = Eigen::Matrix<double, -1, -1>; DerivedV = Eigen::Matrix<double, -1, -1>; DerivedEle = Eigen::Matrix<int, -1, -1>; DerivedsqrD = Eigen::Matrix<double, -1, 1>; DerivedI = Eigen::Matrix<long int, -1, 1, 0, -1, 1>; DerivedC = Eigen::Matrix<double, -1, 3>]'
   45 |   tree.init(V,Ele);
      |   ~~~~~~~~~^~~~~~~
/home/pkk5131/workspace/src/PSM2025/build_cmake/_deps/libigl-src/include/igl/point_mesh_squared_distance.cpp:120:37:   required from 'static void {anonymous}::point_mesh_squared_distance_DIM_Handler<DerivedP, DerivedV, DerivedEle, DerivedsqrD, DerivedI, DerivedC, false>::compute(const Eigen::MatrixBase<Derived>&, const Eigen::MatrixBase<U>&, const Eigen::MatrixBase<OtherDerived>&, Eigen::PlainObjectBase<DerivedsqrD>&, Eigen::PlainObjectBase<DerivedI>&, Eigen::PlainObjectBase<DerivedC>&) [with DerivedP = Eigen::Matrix<double, -1, -1>; DerivedV = Eigen::Matrix<double, -1, -1>; DerivedEle = Eigen::Matrix<int, -1, -1>; DerivedsqrD = Eigen::Matrix<double, -1, 1>; DerivedI = Eigen::Matrix<long int, -1, 1, 0, -1, 1>; DerivedC = Eigen::Matrix<double, -1, 3>]'
  120 |     point_mesh_squared_distance<DIM>(P,V,Ele,sqrD,I,C);
      |     ~~~~~~~~~~~~~~~~~~~~~~~~~~~~~~~~^~~~~~~~~~~~~~~~~~
/home/pkk5131/workspace/src/PSM2025/build_cmake/_deps/libigl-src/include/igl/point_mesh_squared_distance.cpp:153:36:   required from 'void igl::point_mesh_squared_distance(const Eigen::MatrixBase<Derived>&, const Eigen::MatrixBase<U>&, const Eigen::MatrixBase<OtherDerived>&, Eigen::PlainObjectBase<DerivedsqrD>&, Eigen::PlainObjectBase<DerivedI>&, Eigen::PlainObjectBase<DerivedC>&) [with DerivedP = Eigen::Matrix<double, -1, -1>; DerivedV = Eigen::Matrix<double, -1, -1>; DerivedEle = Eigen::Matrix<int, -1, -1>; DerivedsqrD = Eigen::Matrix<double, -1, 1>; DerivedI = Eigen::Matrix<long int, -1, 1, 0, -1, 1>; DerivedC = Eigen::Matrix<double, -1, 3>]'
  146 |   point_mesh_squared_distance_DIM_Handler<
      |   ~~~~~~~~~~~~~~~~~~~~~~~~~~~~~~~~~~~~~~~~
  147 |     DerivedP,
      |     ~~~~~~~~~                       
  148 |     DerivedV,
      |     ~~~~~~~~~                       
  149 |     DerivedEle,
      |     ~~~~~~~~~~~                     
  150 |     DerivedsqrD,
      |     ~~~~~~~~~~~~                    
  151 |     DerivedI,
      |     ~~~~~~~~~                       
  152 |     DerivedC,
      |     ~~~~~~~~~                       
  153 |     DIM == Eigen::Dynamic>::compute(P,V,Ele,sqrD,I,C);
      |     ~~~~~~~~~~~~~~~~~~~~~~~~~~~~~~~^~~~~~~~~~~~~~~~~~
/home/pkk5131/workspace/src/PSM2025/build_cmake/_deps/libigl-src/include/igl/hausdorff.cpp:31:30:   required from 'void igl::hausdorff(const Eigen::MatrixBase<Derived>&, const Eigen::MatrixBase<U>&, const Eigen::MatrixBase<OtherDerived>&, const Eigen::MatrixBase<DerivedFB>&, Scalar&) [with DerivedVA = Eigen::Matrix<double, -1, -1>; DerivedFA = Eigen::Matrix<int, -1, -1>; DerivedVB = Eigen::Matrix<double, -1, -1>; DerivedFB = Eigen::Matrix<int, -1, -1>; Scalar = double]'
   31 |   point_mesh_squared_distance(VB,VA,FA,sqr_DBA,I,C);
      |   ~~~~~~~~~~~~~~~~~~~~~~~~~~~^~~~~~~~~~~~~~~~~~~~~~
/home/pkk5131/workspace/src/PSM2025/src/libshell/ComputeHausdorffDistance.cpp:55:19:   required from here
   55 |     igl::hausdorff(vertices_A_trafo, ref_faces, ref_vertices_B, ref_faces, retval);
      |     ~~~~~~~~~~~~~~^~~~~~~~~~~~~~~~~~~~~~~~~~~~~~~~~~~~~~~~~~~~~~~~~~~~~~~~~~~~~~~~
/home/pkk5131/workspace/src/PSM2025/build_cmake/_deps/libigl-src/include/igl/parallel_for.h:156:15: warning: comparison of integer expressions of different signedness: 'const int' and 'const size_t' {aka 'const long unsigned int'} [-Wsign-compare]
  156 |   if(loop_size<min_parallel || nthreads<=1)
      |      ~~~~~~~~~^~~~~~~~~~~~~
In file included from /home/pkk5131/miniconda3/envs/psm/lib/gcc/x86_64-conda-linux-gnu/15.2.0/include/immintrin.h:43,
                 from /home/pkk5131/miniconda3/envs/psm/include/eigen3/Eigen/src/Core/util/ConfigureVectorization.h:361,
                 from /home/pkk5131/miniconda3/envs/psm/include/eigen3/Eigen/Core:22,
                 from /home/pkk5131/miniconda3/envs/psm/include/eigen3/Eigen/Dense:1,
                 from /home/pkk5131/workspace/src/PSM2025/src/libshell/common.hpp:30,
                 from /home/pkk5131/workspace/src/PSM2025/src/libshell/ComputeHausdorffDistance.hpp:12,
                 from /home/pkk5131/workspace/src/PSM2025/src/libshell/ComputeHausdorffDistance.cpp:9:
In function '__m256d _mm256_loadu_pd(const double*)',
    inlined from 'Packet Eigen::internal::ploadu(const typename unpacket_traits<T>::type*) [with Packet = __vector(4) double]' at /home/pkk5131/miniconda3/envs/psm/include/eigen3/Eigen/src/Core/arch/AVX/PacketMath.h:582:129,
    inlined from 'Packet Eigen::internal::ploadt(const typename unpacket_traits<T>::type*) [with Packet = __vector(4) double; int Alignment = 0]' at /home/pkk5131/miniconda3/envs/psm/include/eigen3/Eigen/src/Core/GenericPacketMath.h:969:26,
    inlined from 'PacketType Eigen::internal::mapbase_evaluator<Derived, PlainObjectType>::packet(Eigen::Index) const [with int LoadMode = 0; PacketType = __vector(4) double; Derived = Eigen::Block<Eigen::Matrix<double, 1, 3>, 1, -1, false>; PlainObjectType = Eigen::Matrix<double, 1, -1, 1, 1, 3>]' at /home/pkk5131/miniconda3/envs/psm/include/eigen3/Eigen/src/Core/CoreEvaluators.h:944:50,
    inlined from 'void Eigen::internal::generic_dense_assignment_kernel<DstEvaluatorTypeT, SrcEvaluatorTypeT, Functor, Version>::assignPacket(Eigen::Index) [with int StoreMode = 32; int LoadMode = 0; PacketType = __vector(4) double; DstEvaluatorTypeT = Eigen::internal::evaluator<Eigen::Block<Eigen::Matrix<double, 1, -1>, 1, -1, false> >; SrcEvaluatorTypeT = Eigen::internal::evaluator<Eigen::Block<Eigen::Matrix<double, 1, 3>, 1, -1, false> >; Functor = Eigen::internal::assign_op<double, double>; int Version = 0]' at /home/pkk5131/miniconda3/envs/psm/include/eigen3/Eigen/src/Core/AssignEvaluator.h:681:114,
    inlined from 'static void Eigen::internal::dense_assignment_loop<Kernel, 3, 0>::run(Kernel&) [with Kernel = Eigen::internal::generic_dense_assignment_kernel<Eigen::internal::evaluator<Eigen::Block<Eigen::Matrix<double, 1, -1>, 1, -1, false> >, Eigen::internal::evaluator<Eigen::Block<Eigen::Matrix<double, 1, 3>, 1, -1, false> >, Eigen::internal::assign_op<double, double>, 0>]' at /home/pkk5131/miniconda3/envs/psm/include/eigen3/Eigen/src/Core/AssignEvaluator.h:437:75,
    inlined from 'void Eigen::internal::call_dense_assignment_loop(DstXprType&, const SrcXprType&, const Functor&) [with DstXprType = Eigen::Block<Eigen::Matrix<double, 1, -1>, 1, -1, false>; SrcXprType = Eigen::Block<Eigen::Matrix<double, 1, 3>, 1, -1, false>; Functor = assign_op<double, double>]' at /home/pkk5131/miniconda3/envs/psm/include/eigen3/Eigen/src/Core/AssignEvaluator.h:785:37,
    inlined from 'static void Eigen::internal::Assignment<DstXprType, SrcXprType, Functor, Eigen::internal::Dense2Dense, Weak>::run(DstXprType&, const SrcXprType&, const Functor&) [with DstXprType = Eigen::Block<Eigen::Matrix<double, 1, -1>, 1, -1, false>; SrcXprType = Eigen::Block<Eigen::Matrix<double, 1, 3>, 1, -1, false>; Functor = Eigen::internal::assign_op<double, double>; Weak = void]' at /home/pkk5131/miniconda3/envs/psm/include/eigen3/Eigen/src/Core/AssignEvaluator.h:954:31,
    inlined from 'void Eigen::internal::call_assignment_no_alias(Dst&, const Src&, const Func&) [with Dst = Eigen::Block<Eigen::Matrix<double, 1, -1>, 1, -1, false>; Src = Eigen::Block<Eigen::Matrix<double, 1, 3>, 1, -1, false>; Func = assign_op<double, double>]' at /home/pkk5131/miniconda3/envs/psm/include/eigen3/Eigen/src/Core/AssignEvaluator.h:890:49,
    inlined from 'void Eigen::internal::call_assignment(Dst&, const Src&, const Func&, typename enable_if<(! evaluator_assume_aliasing<Src>::value), void*>::type) [with Dst = Eigen::Block<Eigen::Matrix<double, 1, -1>, 1, -1, false>; Src = Eigen::Block<Eigen::Matrix<double, 1, 3>, 1, -1, false>; Func = assign_op<double, double>]' at /home/pkk5131/miniconda3/envs/psm/include/eigen3/Eigen/src/Core/AssignEvaluator.h:858:27,
    inlined from 'void Eigen::internal::call_assignment(Dst&, const Src&) [with Dst = Eigen::Block<Eigen::Matrix<double, 1, -1>, 1, -1, false>; Src = Eigen::Block<Eigen::Matrix<double, 1, 3>, 1, -1, false>]' at /home/pkk5131/miniconda3/envs/psm/include/eigen3/Eigen/src/Core/AssignEvaluator.h:836:18,
    inlined from 'Derived& Eigen::MatrixBase<Derived>::operator=(const Eigen::DenseBase<OtherDerived>&) [with OtherDerived = Eigen::Block<Eigen::Matrix<double, 1, 3>, 1, -1, false>; Derived = Eigen::Block<Eigen::Matrix<double, 1, -1>, 1, -1, false>]' at /home/pkk5131/miniconda3/envs/psm/include/eigen3/Eigen/src/Core/Assign.h:66:28,
    inlined from 'void igl::point_simplex_squared_distance(const Eigen::MatrixBase<U>&, const Eigen::MatrixBase<OtherDerived>&, const Eigen::MatrixBase<DerivedFB>&, typename DerivedEle::Index, Derivedsqr_d&, Eigen::PlainObjectBase<DerivedC>&, Eigen::PlainObjectBase<Derivedb>&) [with int DIM = 3; Derivedp = Eigen::Matrix<double, 1, 3>; DerivedV = Eigen::Matrix<double, -1, -1>; DerivedEle = Eigen::Matrix<int, -1, -1>; Derivedsqr_d = double; Derivedc = Eigen::Matrix<double, 1, 3>; Derivedb = Eigen::Matrix<double, 1, -1>]' at /home/pkk5131/workspace/src/PSM2025/build_cmake/_deps/libigl-src/include/igl/point_simplex_squared_distance.cpp:133:25:
/home/pkk5131/miniconda3/envs/psm/lib/gcc/x86_64-conda-linux-gnu/15.2.0/include/avxintrin.h:837:24: warning: array subscript '__m256d_u[0]' is partly outside array bounds of 'BaryPoint [1]' {aka 'Eigen::Matrix<double, 1, 3> [1]'} [-Warray-bounds=]
  837 |   return *(__m256d_u *)__P;
      |                        ^~~
In file included from /home/pkk5131/workspace/src/PSM2025/build_cmake/_deps/libigl-src/include/igl/point_simplex_squared_distance.h:66,
                 from /home/pkk5131/workspace/src/PSM2025/build_cmake/_deps/libigl-src/include/igl/AABB.cpp:14:
/home/pkk5131/workspace/src/PSM2025/build_cmake/_deps/libigl-src/include/igl/point_simplex_squared_distance.cpp: In function 'void igl::point_simplex_squared_distance(const Eigen::MatrixBase<U>&, const Eigen::MatrixBase<OtherDerived>&, const Eigen::MatrixBase<DerivedFB>&, typename DerivedEle::Index, Derivedsqr_d&, Eigen::PlainObjectBase<DerivedC>&, Eigen::PlainObjectBase<Derivedb>&) [with int DIM = 3; Derivedp = Eigen::Matrix<double, 1, 3>; DerivedV = Eigen::Matrix<double, -1, -1>; DerivedEle = Eigen::Matrix<int, -1, -1>; Derivedsqr_d = double; Derivedc = Eigen::Matrix<double, 1, 3>; Derivedb = Eigen::Matrix<double, 1, -1>]':
/home/pkk5131/workspace/src/PSM2025/build_cmake/_deps/libigl-src/include/igl/point_simplex_squared_distance.cpp:123:13: note: object 'tmp_bary' of size 24
  123 |   BaryPoint tmp_bary;
      |             ^~~~~~~~
In function 'void _mm256_store_pd(double*, __m256d)',
    inlined from 'void Eigen::internal::pstore(Scalar*, const Packet&) [with Scalar = double; Packet = __vector(4) double]' at /home/pkk5131/miniconda3/envs/psm/include/eigen3/Eigen/src/Core/arch/AVX/PacketMath.h:623:129,
    inlined from 'void Eigen::internal::pstoret(Scalar*, const Packet&) [with Scalar = double; Packet = __vector(4) double; int Alignment = 32]' at /home/pkk5131/miniconda3/envs/psm/include/eigen3/Eigen/src/Core/GenericPacketMath.h:978:11,
    inlined from 'void Eigen::internal::assign_op<DstScalar, SrcScalar>::assignPacket(DstScalar*, const Packet&) const [with int Alignment = 32; Packet = __vector(4) double; DstScalar = double; SrcScalar = double]' at /home/pkk5131/miniconda3/envs/psm/include/eigen3/Eigen/src/Core/functors/AssignmentFunctors.h:28:50,
    inlined from 'void Eigen::internal::generic_dense_assignment_kernel<DstEvaluatorTypeT, SrcEvaluatorTypeT, Functor, Version>::assignPacket(Eigen::Index) [with int StoreMode = 32; int LoadMode = 0; PacketType = __vector(4) double; DstEvaluatorTypeT = Eigen::internal::evaluator<Eigen::Block<Eigen::Matrix<double, 1, -1>, 1, -1, false> >; SrcEvaluatorTypeT = Eigen::internal::evaluator<Eigen::Block<Eigen::Matrix<double, 1, 3>, 1, -1, false> >; Functor = Eigen::internal::assign_op<double, double>; int Version = 0]' at /home/pkk5131/miniconda3/envs/psm/include/eigen3/Eigen/src/Core/AssignEvaluator.h:681:47,
    inlined from 'static void Eigen::internal::dense_assignment_loop<Kernel, 3, 0>::run(Kernel&) [with Kernel = Eigen::internal::generic_dense_assignment_kernel<Eigen::internal::evaluator<Eigen::Block<Eigen::Matrix<double, 1, -1>, 1, -1, false> >, Eigen::internal::evaluator<Eigen::Block<Eigen::Matrix<double, 1, 3>, 1, -1, false> >, Eigen::internal::assign_op<double, double>, 0>]' at /home/pkk5131/miniconda3/envs/psm/include/eigen3/Eigen/src/Core/AssignEvaluator.h:437:75,
    inlined from 'void Eigen::internal::call_dense_assignment_loop(DstXprType&, const SrcXprType&, const Functor&) [with DstXprType = Eigen::Block<Eigen::Matrix<double, 1, -1>, 1, -1, false>; SrcXprType = Eigen::Block<Eigen::Matrix<double, 1, 3>, 1, -1, false>; Functor = assign_op<double, double>]' at /home/pkk5131/miniconda3/envs/psm/include/eigen3/Eigen/src/Core/AssignEvaluator.h:785:37,
    inlined from 'static void Eigen::internal::Assignment<DstXprType, SrcXprType, Functor, Eigen::internal::Dense2Dense, Weak>::run(DstXprType&, const SrcXprType&, const Functor&) [with DstXprType = Eigen::Block<Eigen::Matrix<double, 1, -1>, 1, -1, false>; SrcXprType = Eigen::Block<Eigen::Matrix<double, 1, 3>, 1, -1, false>; Functor = Eigen::internal::assign_op<double, double>; Weak = void]' at /home/pkk5131/miniconda3/envs/psm/include/eigen3/Eigen/src/Core/AssignEvaluator.h:954:31,
    inlined from 'void Eigen::internal::call_assignment_no_alias(Dst&, const Src&, const Func&) [with Dst = Eigen::Block<Eigen::Matrix<double, 1, -1>, 1, -1, false>; Src = Eigen::Block<Eigen::Matrix<double, 1, 3>, 1, -1, false>; Func = assign_op<double, double>]' at /home/pkk5131/miniconda3/envs/psm/include/eigen3/Eigen/src/Core/AssignEvaluator.h:890:49,
    inlined from 'void Eigen::internal::call_assignment(Dst&, const Src&, const Func&, typename enable_if<(! evaluator_assume_aliasing<Src>::value), void*>::type) [with Dst = Eigen::Block<Eigen::Matrix<double, 1, -1>, 1, -1, false>; Src = Eigen::Block<Eigen::Matrix<double, 1, 3>, 1, -1, false>; Func = assign_op<double, double>]' at /home/pkk5131/miniconda3/envs/psm/include/eigen3/Eigen/src/Core/AssignEvaluator.h:858:27,
    inlined from 'void Eigen::internal::call_assignment(Dst&, const Src&) [with Dst = Eigen::Block<Eigen::Matrix<double, 1, -1>, 1, -1, false>; Src = Eigen::Block<Eigen::Matrix<double, 1, 3>, 1, -1, false>]' at /home/pkk5131/miniconda3/envs/psm/include/eigen3/Eigen/src/Core/AssignEvaluator.h:836:18,
    inlined from 'Derived& Eigen::MatrixBase<Derived>::operator=(const Eigen::DenseBase<OtherDerived>&) [with OtherDerived = Eigen::Block<Eigen::Matrix<double, 1, 3>, 1, -1, false>; Derived = Eigen::Block<Eigen::Matrix<double, 1, -1>, 1, -1, false>]' at /home/pkk5131/miniconda3/envs/psm/include/eigen3/Eigen/src/Core/Assign.h:66:28,
    inlined from 'void igl::point_simplex_squared_distance(const Eigen::MatrixBase<U>&, const Eigen::MatrixBase<OtherDerived>&, const Eigen::MatrixBase<DerivedFB>&, typename DerivedEle::Index, Derivedsqr_d&, Eigen::PlainObjectBase<DerivedC>&, Eigen::PlainObjectBase<Derivedb>&) [with int DIM = 3; Derivedp = Eigen::Matrix<double, 1, 3>; DerivedV = Eigen::Matrix<double, -1, -1>; DerivedEle = Eigen::Matrix<int, -1, -1>; Derivedsqr_d = double; Derivedc = Eigen::Matrix<double, 1, 3>; Derivedb = Eigen::Matrix<double, 1, -1>]' at /home/pkk5131/workspace/src/PSM2025/build_cmake/_deps/libigl-src/include/igl/point_simplex_squared_distance.cpp:133:25:
/home/pkk5131/miniconda3/envs/psm/lib/gcc/x86_64-conda-linux-gnu/15.2.0/include/avxintrin.h:819:19: warning: 'void* __builtin_memcpy(void*, const void*, long unsigned int)' reading 32 or more bytes from a region of size 24 [-Wstringop-overread]
  819 |   *(__m256d *)__P = __A;
      |   ~~~~~~~~~~~~~~~~^~~~~
/home/pkk5131/workspace/src/PSM2025/build_cmake/_deps/libigl-src/include/igl/point_simplex_squared_distance.cpp: In function 'void igl::point_simplex_squared_distance(const Eigen::MatrixBase<U>&, const Eigen::MatrixBase<OtherDerived>&, const Eigen::MatrixBase<DerivedFB>&, typename DerivedEle::Index, Derivedsqr_d&, Eigen::PlainObjectBase<DerivedC>&, Eigen::PlainObjectBase<Derivedb>&) [with int DIM = 3; Derivedp = Eigen::Matrix<double, 1, 3>; DerivedV = Eigen::Matrix<double, -1, -1>; DerivedEle = Eigen::Matrix<int, -1, -1>; Derivedsqr_d = double; Derivedc = Eigen::Matrix<double, 1, 3>; Derivedb = Eigen::Matrix<double, 1, -1>]':
/home/pkk5131/workspace/src/PSM2025/build_cmake/_deps/libigl-src/include/igl/point_simplex_squared_distance.cpp:123:13: note: source object 'tmp_bary' of size 24
  123 |   BaryPoint tmp_bary;
      |             ^~~~~~~~
[29/34] Linking CXX static library /home/pkk5131/workspace/src/PSM2025/lib/liblibshell.a
[30/34] Linking CXX executable /home/pkk5131/workspace/src/PSM2025/bin/testshell
[31/34] Building CXX object CMakeFiles/shell.dir/src/simulations/main.cpp.o
In file included from /home/pkk5131/workspace/src/PSM2025/src/simulations/Sim.hpp:26,
                 from /home/pkk5131/workspace/src/PSM2025/src/simulations/main.cpp:11:
/home/pkk5131/workspace/src/PSM2025/src/libshell/HLBFGS_Wrapper.hpp:138:17: warning: 'void HLBFGS_Methods::newiteration(void*, int, int, double*, double*, double*, double*)' defined but not used [-Wunused-function]
  138 |     static void newiteration(void * instance, int iter, int call_iter, double *x, double* f, double *g,  double* gnorm)
      |                 ^~~~~~~~~~~~
/home/pkk5131/workspace/src/PSM2025/src/libshell/HLBFGS_Wrapper.hpp:127:17: warning: 'void HLBFGS_Methods::evaluate(void*, int, double*, double*, double*, double*)' defined but not used [-Wunused-function]
  127 |     static void evaluate(void * instance, int N, double* x, double *prev_x, double* f, double* g)
      |                 ^~~~~~~~
[32/34] Building CXX object CMakeFiles/shell.dir/src/simulations/Sim_MonoLayer_Growth.cpp.o
[33/34] Building CXX object CMakeFiles/shell.dir/src/simulations/Sim_Bilayer_4DFilaments.cpp.o
In file included from /home/pkk5131/workspace/src/PSM2025/build_cmake/_deps/libigl-src/include/igl/unique_rows.h:35,
                 from /home/pkk5131/workspace/src/PSM2025/build_cmake/_deps/libigl-src/include/igl/unique_simplices.cpp:10,
                 from /home/pkk5131/workspace/src/PSM2025/build_cmake/_deps/libigl-src/include/igl/unique_simplices.h:40,
                 from /home/pkk5131/workspace/src/PSM2025/build_cmake/_deps/libigl-src/include/igl/is_edge_manifold.cpp:10,
                 from /home/pkk5131/workspace/src/PSM2025/build_cmake/_deps/libigl-src/include/igl/is_edge_manifold.h:61,
                 from /home/pkk5131/workspace/src/PSM2025/build_cmake/_deps/libigl-src/include/igl/edge_topology.cpp:9,
                 from /home/pkk5131/workspace/src/PSM2025/build_cmake/_deps/libigl-src/include/igl/edge_topology.h:46,
                 from /home/pkk5131/workspace/src/PSM2025/src/libshell/TopologyData.hpp:12,
                 from /home/pkk5131/workspace/src/PSM2025/src/libshell/WriteSTL.hpp:13,
                 from /home/pkk5131/workspace/src/PSM2025/src/simulations/Sim.hpp:16,
                 from /home/pkk5131/workspace/src/PSM2025/src/simulations/Sim_Bilayer_4DFilaments.hpp:13,
                 from /home/pkk5131/workspace/src/PSM2025/src/simulations/Sim_Bilayer_4DFilaments.cpp:9:
/home/pkk5131/workspace/src/PSM2025/build_cmake/_deps/libigl-src/include/igl/unique_rows.cpp: In instantiation of 'void igl::unique_rows(const Eigen::DenseBase<Derived>&, Eigen::PlainObjectBase<DerivedBF>&, Eigen::PlainObjectBase<DerivedE>&, Eigen::PlainObjectBase<DerivedEMAP>&) [with DerivedA = Eigen::Matrix<int, -1, -1>; DerivedC = Eigen::Matrix<int, -1, -1>; DerivedIA = Eigen::Matrix<int, -1, 1>; DerivedIC = Eigen::Matrix<int, -1, 1>]':
/home/pkk5131/workspace/src/PSM2025/build_cmake/_deps/libigl-src/include/igl/boundary_facets.cpp:84:21:   required from 'void igl::boundary_facets(const Eigen::MatrixBase<Derived>&, Eigen::PlainObjectBase<DerivedBF>&, Eigen::PlainObjectBase<DerivedE>&, Eigen::PlainObjectBase<DerivedEMAP>&) [with DerivedT = Eigen::Matrix<int, -1, -1>; DerivedF = Eigen::Matrix<int, -1, -1>; DerivedJ = Eigen::Matrix<int, -1, 1>; DerivedK = Eigen::Matrix<int, -1, 1>]'
   84 |     igl::unique_rows(sortedF,_1,m,n);
      |     ~~~~~~~~~~~~~~~~^~~~~~~~~~~~~~~~
/home/pkk5131/workspace/src/PSM2025/build_cmake/_deps/libigl-src/include/igl/boundary_facets.cpp:115:25:   required from 'void igl::boundary_facets(const Eigen::MatrixBase<Derived>&, Eigen::PlainObjectBase<DerivedBF>&) [with DerivedT = Eigen::Matrix<int, -1, -1>; DerivedF = Eigen::Matrix<int, -1, -1>]'
  115 |   return boundary_facets(T,F,J,K);
      |          ~~~~~~~~~~~~~~~^~~~~~~~~
/home/pkk5131/workspace/src/PSM2025/src/libshell/WriteSTLVolumetricCurved.hpp:85:33:   required from here
   85 |             igl::boundary_facets(face2vertices_copy, boundary_edges);
      |             ~~~~~~~~~~~~~~~~~~~~^~~~~~~~~~~~~~~~~~~~~~~~~~~~~~~~~~~~
/home/pkk5131/workspace/src/PSM2025/build_cmake/_deps/libigl-src/include/igl/unique_rows.cpp:48:23: warning: comparison of integer expressions of different signedness: 'size_t' {aka 'long unsigned int'} and 'const int' [-Wsign-compare]
   48 |     for (size_t c=0; c<num_cols; c++) {
      |                      ~^~~~~~~~~
In file included from /home/pkk5131/workspace/src/PSM2025/build_cmake/_deps/libigl-src/include/igl/sortrows.h:40,
                 from /home/pkk5131/workspace/src/PSM2025/build_cmake/_deps/libigl-src/include/igl/unique_rows.cpp:9:
/home/pkk5131/workspace/src/PSM2025/build_cmake/_deps/libigl-src/include/igl/sortrows.cpp: In instantiation of 'void igl::sortrows(const Eigen::DenseBase<Derived>&, bool, Eigen::PlainObjectBase<DerivedBF>&, Eigen::PlainObjectBase<DerivedE>&) [with DerivedX = Eigen::Matrix<int, -1, -1>; DerivedY = Eigen::Matrix<int, -1, -1>; DerivedI = Eigen::Matrix<int, -1, 1>]':
/home/pkk5131/workspace/src/PSM2025/build_cmake/_deps/libigl-src/include/igl/unique_rows.cpp:30:11:   required from 'void igl::unique_rows(const Eigen::DenseBase<Derived>&, Eigen::PlainObjectBase<DerivedBF>&, Eigen::PlainObjectBase<DerivedE>&, Eigen::PlainObjectBase<DerivedEMAP>&) [with DerivedA = Eigen::Matrix<int, -1, -1>; DerivedC = Eigen::Matrix<int, -1, -1>; DerivedIA = Eigen::Matrix<int, -1, 1>; DerivedIC = Eigen::Matrix<int, -1, 1>]'
   30 |   sortrows(A,true,sortA,IM);
      |   ~~~~~~~~^~~~~~~~~~~~~~~~~
/home/pkk5131/workspace/src/PSM2025/build_cmake/_deps/libigl-src/include/igl/boundary_facets.cpp:84:21:   required from 'void igl::boundary_facets(const Eigen::MatrixBase<Derived>&, Eigen::PlainObjectBase<DerivedBF>&, Eigen::PlainObjectBase<DerivedE>&, Eigen::PlainObjectBase<DerivedEMAP>&) [with DerivedT = Eigen::Matrix<int, -1, -1>; DerivedF = Eigen::Matrix<int, -1, -1>; DerivedJ = Eigen::Matrix<int, -1, 1>; DerivedK = Eigen::Matrix<int, -1, 1>]'
   84 |     igl::unique_rows(sortedF,_1,m,n);
      |     ~~~~~~~~~~~~~~~~^~~~~~~~~~~~~~~~
/home/pkk5131/workspace/src/PSM2025/build_cmake/_deps/libigl-src/include/igl/boundary_facets.cpp:115:25:   required from 'void igl::boundary_facets(const Eigen::MatrixBase<Derived>&, Eigen::PlainObjectBase<DerivedBF>&) [with DerivedT = Eigen::Matrix<int, -1, -1>; DerivedF = Eigen::Matrix<int, -1, -1>]'
  115 |   return boundary_facets(T,F,J,K);
      |          ~~~~~~~~~~~~~~~^~~~~~~~~
/home/pkk5131/workspace/src/PSM2025/src/libshell/WriteSTLVolumetricCurved.hpp:85:33:   required from here
   85 |             igl::boundary_facets(face2vertices_copy, boundary_edges);
      |             ~~~~~~~~~~~~~~~~~~~~^~~~~~~~~~~~~~~~~~~~~~~~~~~~~~~~~~~~
/home/pkk5131/workspace/src/PSM2025/build_cmake/_deps/libigl-src/include/igl/sortrows.cpp:66:18: warning: comparison of integer expressions of different signedness: 'int' and 'const size_t' {aka 'const long unsigned int'} [-Wsign-compare]
   66 |   for(int i = 0;i<num_rows;i++)
      |                 ~^~~~~~~~~
/home/pkk5131/workspace/src/PSM2025/build_cmake/_deps/libigl-src/include/igl/sortrows.cpp:98:22: warning: comparison of integer expressions of different signedness: 'int' and 'const size_t' {aka 'const long unsigned int'} [-Wsign-compare]
   98 |       for(int i = 0;i<num_rows;i++)
      |                     ~^~~~~~~~~
In file included from /home/pkk5131/workspace/src/PSM2025/build_cmake/_deps/libigl-src/include/igl/sort.cpp:14,
                 from /home/pkk5131/workspace/src/PSM2025/build_cmake/_deps/libigl-src/include/igl/sort.h:88,
                 from /home/pkk5131/workspace/src/PSM2025/build_cmake/_deps/libigl-src/include/igl/unique_simplices.cpp:9:
/home/pkk5131/workspace/src/PSM2025/build_cmake/_deps/libigl-src/include/igl/parallel_for.h: In instantiation of 'bool igl::parallel_for(Index, const PrepFunctionType&, const FunctionType&, const AccumFunctionType&, size_t) [with Index = int; PrepFunctionType = parallel_for<int, sort3<Eigen::Matrix<int, -1, -1>, Eigen::Matrix<int, -1, -1>, Eigen::Matrix<int, -1, -1> >(const Eigen::DenseBase<Eigen::Matrix<int, -1, -1> >&, int, bool, Eigen::PlainObjectBase<Eigen::Matrix<int, -1, -1> >&, Eigen::PlainObjectBase<Eigen::Matrix<int, -1, -1> >&)::<lambda(const Index&)> >(int, const sort3<Eigen::Matrix<int, -1, -1>, Eigen::Matrix<int, -1, -1>, Eigen::Matrix<int, -1, -1> >(const Eigen::DenseBase<Eigen::Matrix<int, -1, -1> >&, int, bool, Eigen::PlainObjectBase<Eigen::Matrix<int, -1, -1> >&, Eigen::PlainObjectBase<Eigen::Matrix<int, -1, -1> >&)::<lambda(const Index&)>&, size_t)::<lambda(size_t)>; FunctionType = parallel_for<int, sort3<Eigen::Matrix<int, -1, -1>, Eigen::Matrix<int, -1, -1>, Eigen::Matrix<int, -1, -1> >(const Eigen::DenseBase<Eigen::Matrix<int, -1, -1> >&, int, bool, Eigen::PlainObjectBase<Eigen::Matrix<int, -1, -1> >&, Eigen::PlainObjectBase<Eigen::Matrix<int, -1, -1> >&)::<lambda(const Index&)> >(int, const sort3<Eigen::Matrix<int, -1, -1>, Eigen::Matrix<int, -1, -1>, Eigen::Matrix<int, -1, -1> >(const Eigen::DenseBase<Eigen::Matrix<int, -1, -1> >&, int, bool, Eigen::PlainObjectBase<Eigen::Matrix<int, -1, -1> >&, Eigen::PlainObjectBase<Eigen::Matrix<int, -1, -1> >&)::<lambda(const Index&)>&, size_t)::<lambda(int, size_t)>; AccumFunctionType = parallel_for<int, sort3<Eigen::Matrix<int, -1, -1>, Eigen::Matrix<int, -1, -1>, Eigen::Matrix<int, -1, -1> >(const Eigen::DenseBase<Eigen::Matrix<int, -1, -1> >&, int, bool, Eigen::PlainObjectBase<Eigen::Matrix<int, -1, -1> >&, Eigen::PlainObjectBase<Eigen::Matrix<int, -1, -1> >&)::<lambda(const Index&)> >(int, const sort3<Eigen::Matrix<int, -1, -1>, Eigen::Matrix<int, -1, -1>, Eigen::Matrix<int, -1, -1> >(const Eigen::DenseBase<Eigen::Matrix<int, -1, -1> >&, int, bool, Eigen::PlainObjectBase<Eigen::Matrix<int, -1, -1> >&, Eigen::PlainObjectBase<Eigen::Matrix<int, -1, -1> >&)::<lambda(const Index&)>&, size_t)::<lambda(size_t)>; size_t = long unsigned int]':
/home/pkk5131/workspace/src/PSM2025/build_cmake/_deps/libigl-src/include/igl/parallel_for.h:132:22:   required from 'bool igl::parallel_for(Index, const FunctionType&, size_t) [with Index = int; FunctionType = sort3<Eigen::Matrix<int, -1, -1>, Eigen::Matrix<int, -1, -1>, Eigen::Matrix<int, -1, -1> >(const Eigen::DenseBase<Eigen::Matrix<int, -1, -1> >&, int, bool, Eigen::PlainObjectBase<Eigen::Matrix<int, -1, -1> >&, Eigen::PlainObjectBase<Eigen::Matrix<int, -1, -1> >&)::<lambda(const Index&)>; size_t = long unsigned int]'
  132 |   return parallel_for(loop_size,no_op,wrapper,no_op,min_parallel);
      |          ~~~~~~~~~~~~^~~~~~~~~~~~~~~~~~~~~~~~~~~~~~~~~~~~~~~~~~~~
/home/pkk5131/workspace/src/PSM2025/build_cmake/_deps/libigl-src/include/igl/sort.cpp:289:15:   required from 'void igl::sort3(const Eigen::DenseBase<Derived>&, int, bool, Eigen::PlainObjectBase<DerivedBF>&, Eigen::PlainObjectBase<DerivedE>&) [with DerivedX = Eigen::Matrix<int, -1, -1>; DerivedY = Eigen::Matrix<int, -1, -1>; DerivedIX = Eigen::Matrix<int, -1, -1>]'
  289 |   parallel_for(num_outer,inner,16000);
      |   ~~~~~~~~~~~~^~~~~~~~~~~~~~~~~~~~~~~
/home/pkk5131/workspace/src/PSM2025/build_cmake/_deps/libigl-src/include/igl/sort.cpp:39:24:   required from 'void igl::sort(const Eigen::DenseBase<Derived>&, int, bool, Eigen::PlainObjectBase<DerivedBF>&, Eigen::PlainObjectBase<DerivedE>&) [with DerivedX = Eigen::Matrix<int, -1, -1>; DerivedY = Eigen::Matrix<int, -1, -1>; DerivedIX = Eigen::Matrix<int, -1, -1>]'
   39 |       return igl::sort3(X,dim,ascending,Y,IX);
      |              ~~~~~~~~~~^~~~~~~~~~~~~~~~~~~~~~
/home/pkk5131/workspace/src/PSM2025/build_cmake/_deps/libigl-src/include/igl/sort.cpp:91:14:   required from 'void igl::sort(const Eigen::DenseBase<Derived>&, int, bool, Eigen::PlainObjectBase<DerivedBF>&) [with DerivedX = Eigen::Matrix<int, -1, -1>; DerivedY = Eigen::Matrix<int, -1, -1>]'
   91 |   return sort(X,dim,ascending,Y,IX);
      |          ~~~~^~~~~~~~~~~~~~~~~~~~~~
/home/pkk5131/workspace/src/PSM2025/build_cmake/_deps/libigl-src/include/igl/boundary_facets.cpp:80:12:   required from 'void igl::boundary_facets(const Eigen::MatrixBase<Derived>&, Eigen::PlainObjectBase<DerivedBF>&, Eigen::PlainObjectBase<DerivedE>&, Eigen::PlainObjectBase<DerivedEMAP>&) [with DerivedT = Eigen::Matrix<int, -1, -1>; DerivedF = Eigen::Matrix<int, -1, -1>; DerivedJ = Eigen::Matrix<int, -1, 1>; DerivedK = Eigen::Matrix<int, -1, 1>]'
   80 |   igl::sort(allF,2,true,sortedF);
      |   ~~~~~~~~~^~~~~~~~~~~~~~~~~~~~~
/home/pkk5131/workspace/src/PSM2025/build_cmake/_deps/libigl-src/include/igl/boundary_facets.cpp:115:25:   required from 'void igl::boundary_facets(const Eigen::MatrixBase<Derived>&, Eigen::PlainObjectBase<DerivedBF>&) [with DerivedT = Eigen::Matrix<int, -1, -1>; DerivedF = Eigen::Matrix<int, -1, -1>]'
  115 |   return boundary_facets(T,F,J,K);
      |          ~~~~~~~~~~~~~~~^~~~~~~~~
/home/pkk5131/workspace/src/PSM2025/src/libshell/WriteSTLVolumetricCurved.hpp:85:33:   required from here
   85 |             igl::boundary_facets(face2vertices_copy, boundary_edges);
      |             ~~~~~~~~~~~~~~~~~~~~^~~~~~~~~~~~~~~~~~~~~~~~~~~~~~~~~~~~
/home/pkk5131/workspace/src/PSM2025/build_cmake/_deps/libigl-src/include/igl/parallel_for.h:156:15: warning: comparison of integer expressions of different signedness: 'const int' and 'const size_t' {aka 'const long unsigned int'} [-Wsign-compare]
  156 |   if(loop_size<min_parallel || nthreads<=1)
      |      ~~~~~~~~~^~~~~~~~~~~~~
[34/34] Linking CXX executable /home/pkk5131/workspace/src/PSM2025/bin/shell
